<?xml version="1.0" encoding="UTF-8"?>
<testsuite name="Cucumber" time="299.008" tests="3" skipped="0" failures="1" errors="0">
<testcase classname="2NTECH Form Submission" name="Successfully submitting the form for Test Engineer position" time="50.339">
<system-out><![CDATA[
Given navigate to the 2NTECH HR page........................................passed
When fill out the first step of the form with valid information.............passed
And select "position" from the position.....................................passed
And submit the form.........................................................passed
Then should see a success message confirming the form submission............passed
]]></system-out>
</testcase>
<testcase classname="Verify Main Page Functionalities" name="Verify main page and navigation functionalities" time="201.672">
<system-out><![CDATA[
Given the user navigates to the 2NHaber homepage............................passed
Then clicks company logo should be redirected to the homepage...............passed
And clicks the dropdown menu for each navbar link should be accessible......passed
Then toggles the dark-light mode button the page theme should switch accordingly.passed
Then clicks on the search button the search popup should be displayed.......passed
Then clicks on the hamburger menu button the hamburger menu should be displayed.passed
]]></system-out>
</testcase>
<testcase classname="Search and Navigate News Article" name="Search and navigate to the 8th news article" time="46.7">
<failure type="org.openqa.selenium.NoSuchElementException" message="no such element: Unable to locate element: {&quot;method&quot;:&quot;css selector&quot;,&quot;selector&quot;:&quot;h1.entry-title.cmsmasters-widget-title__heading&quot;}
  (Session info: chrome=131.0.6778.86)
For documentation on this error, please visit: https://www.selenium.dev/documentation/webdriver/troubleshooting/errors#no-such-element-exception
Build info: version: '4.25.0', revision: '8a8aea2337'
System info: os.name: 'Windows 10', os.arch: 'amd64', os.version: '10.0', java.version: '15.0.2'
Driver info: org.openqa.selenium.chrome.ChromeDriver
Command: [3a539f263a617e8c0def674b54c602db, findElement {value=h1.entry-title.cmsmasters-widget-title__heading, using=css selector}]
Capabilities {acceptInsecureCerts: false, browserName: chrome, browserVersion: 131.0.6778.86, chrome: {chromedriverVersion: 131.0.6778.85 (3d81e41b6f3a..., userDataDir: C:\Users\omerf\AppData\Loca...}, fedcm:accounts: true, goog:chromeOptions: {debuggerAddress: localhost:25310}, networkConnectionEnabled: false, pageLoadStrategy: normal, platformName: windows, proxy: Proxy(), se:cdp: ws://localhost:25310/devtoo..., se:cdpVersion: 131.0.6778.86, setWindowRect: true, strictFileInteractability: false, timeouts: {implicit: 0, pageLoad: 300000, script: 30000}, unhandledPromptBehavior: dismiss and notify, webauthn:extension:credBlob: true, webauthn:extension:largeBlob: true, webauthn:extension:minPinLength: true, webauthn:extension:prf: true, webauthn:virtualAuthenticators: true}
Session ID: 3a539f263a617e8c0def674b54c602db">
<![CDATA[org.openqa.selenium.NoSuchElementException: no such element: Unable to locate element: {"method":"css selector","selector":"h1.entry-title.cmsmasters-widget-title__heading"}
  (Session info: chrome=131.0.6778.86)
For documentation on this error, please visit: https://www.selenium.dev/documentation/webdriver/troubleshooting/errors#no-such-element-exception
Build info: version: '4.25.0', revision: '8a8aea2337'
System info: os.name: 'Windows 10', os.arch: 'amd64', os.version: '10.0', java.version: '15.0.2'
Driver info: org.openqa.selenium.chrome.ChromeDriver
Command: [3a539f263a617e8c0def674b54c602db, findElement {value=h1.entry-title.cmsmasters-widget-title__heading, using=css selector}]
Capabilities {acceptInsecureCerts: false, browserName: chrome, browserVersion: 131.0.6778.86, chrome: {chromedriverVersion: 131.0.6778.85 (3d81e41b6f3a..., userDataDir: C:\Users\omerf\AppData\Loca...}, fedcm:accounts: true, goog:chromeOptions: {debuggerAddress: localhost:25310}, networkConnectionEnabled: false, pageLoadStrategy: normal, platformName: windows, proxy: Proxy(), se:cdp: ws://localhost:25310/devtoo..., se:cdpVersion: 131.0.6778.86, setWindowRect: true, strictFileInteractability: false, timeouts: {implicit: 0, pageLoad: 300000, script: 30000}, unhandledPromptBehavior: dismiss and notify, webauthn:extension:credBlob: true, webauthn:extension:largeBlob: true, webauthn:extension:minPinLength: true, webauthn:extension:prf: true, webauthn:virtualAuthenticators: true}
Session ID: 3a539f263a617e8c0def674b54c602db
	at java.base/jdk.internal.reflect.NativeConstructorAccessorImpl.newInstance0(Native Method)
	at java.base/jdk.internal.reflect.NativeConstructorAccessorImpl.newInstance(NativeConstructorAccessorImpl.java:64)
	at java.base/jdk.internal.reflect.DelegatingConstructorAccessorImpl.newInstance(DelegatingConstructorAccessorImpl.java:45)
	at java.base/java.lang.reflect.Constructor.newInstanceWithCaller(Constructor.java:500)
	at java.base/java.lang.reflect.Constructor.newInstance(Constructor.java:481)
	at org.openqa.selenium.remote.ErrorCodec.decode(ErrorCodec.java:167)
	at org.openqa.selenium.remote.codec.w3c.W3CHttpResponseCodec.decode(W3CHttpResponseCodec.java:138)
	at org.openqa.selenium.remote.codec.w3c.W3CHttpResponseCodec.decode(W3CHttpResponseCodec.java:50)
	at org.openqa.selenium.remote.HttpCommandExecutor.execute(HttpCommandExecutor.java:190)
	at org.openqa.selenium.remote.service.DriverCommandExecutor.invokeExecute(DriverCommandExecutor.java:216)
	at org.openqa.selenium.remote.service.DriverCommandExecutor.execute(DriverCommandExecutor.java:174)
	at org.openqa.selenium.remote.RemoteWebDriver.execute(RemoteWebDriver.java:545)
	at org.openqa.selenium.remote.ElementLocation$ElementFinder$2.findElement(ElementLocation.java:165)
	at org.openqa.selenium.remote.ElementLocation.findElement(ElementLocation.java:59)
	at org.openqa.selenium.remote.RemoteWebDriver.findElement(RemoteWebDriver.java:368)
	at org.openqa.selenium.remote.RemoteWebDriver.findElement(RemoteWebDriver.java:362)
	at stepdefinitions.SearchStepDefinitions.theUserSearchesForIstanbulAndNavigatesToTheThNewsArticle(SearchStepDefinitions.java:51)
	at âœ½.the user searches for istanbul and navigates to the 8th news article(file:///C:/Users/omerf/Desktop/AutomationCaseStudy_2NTECH/src/test/resources/features/SearchTest.feature:8)
]]>
</failure>
<system-out><![CDATA[
Given the user navigates to the 2NHaber homepage............................passed
When the user searches for istanbul and navigates to the 8th news article...failed
]]></system-out>
</testcase>
</testsuite>
